<?xml version="1.0" encoding="UTF-8"?>
<!-- Generated by org.testng.reporters.JUnitXMLReporter -->
<testsuite ignored="3" hostname="DESKTOP-6KBJ43O" failures="1" tests="2" name="Car Loan" time="0.024" errors="0" timestamp="2023-06-04T19:07:40 IST">
  <testcase classname="TestNGConcepts.Demo3" name="ApiCarLoan" time="0.003"/>
  <testcase classname="TestNGConcepts.Demo3" name="webloginCarLoan" time="0.0">
    <failure type="org.testng.TestNGException" message="
Cannot inject @Test annotated Method [webloginCarLoan] with [class java.lang.String, class java.lang.String].
For more information on native dependency injection please refer to https://testng.org/doc/documentation-main.html#native-dependency-injection">
      <![CDATA[org.testng.TestNGException: 
Cannot inject @Test annotated Method [webloginCarLoan] with [class java.lang.String, class java.lang.String].
For more information on native dependency injection please refer to https://testng.org/doc/documentation-main.html#native-dependency-injection
at java.base/java.util.ArrayList.forEach(ArrayList.java:1511)
... Removed 26 stack frames]]>
    </failure>
  </testcase> <!-- webloginCarLoan -->
  <testcase classname="TestNGConcepts.Demo3" name="mobileloginCarLoan" time="0.0">
    <ignored/>
  </testcase> <!-- mobileloginCarLoan -->
  <testcase classname="TestNGConcepts.Demo3" name="mobilesigninCarLoan" time="0.0">
    <ignored/>
  </testcase> <!-- mobilesigninCarLoan -->
  <testcase classname="TestNGConcepts.Demo3" name="mobilesignoutCarLoan" time="0.0">
    <ignored/>
  </testcase> <!-- mobilesignoutCarLoan -->
</testsuite> <!-- Car Loan -->
