<?xml version="1.0" encoding="UTF-8"?>
<!-- Generated by org.testng.reporters.JUnitXMLReporter -->
<testsuite ignored="1" hostname="DESKTOP-6KBJ43O" failures="0" tests="3" name="Personal Loan" time="0.104" errors="0" timestamp="2023-06-04T19:07:40 IST">
  <testcase classname="TestNGConcepts.Demo" name="firstTest" time="0.015"/>
  <testcase classname="TestNGConcepts.Demo2" name="p1Loan" time="0.002"/>
  <testcase classname="TestNGConcepts.Demo2" name="pLoan" time="0.002"/>
  <testcase classname="TestNGConcepts.Demo" name="secondTest" time="0.0">
    <ignored/>
  </testcase> <!-- secondTest -->
</testsuite> <!-- Personal Loan -->
